Flat profile:

Each sample counts as 0.01 seconds.
 no time accumulated

  %   cumulative   self              self     total           
 time   seconds   seconds    calls  Ts/call  Ts/call  name    
  0.00      0.00     0.00      311     0.00     0.00  merge
  0.00      0.00     0.00      311     0.00     0.00  mergeAB
  0.00      0.00     0.00       25     0.00     0.00  binarySearch
  0.00      0.00     0.00        1     0.00     0.00  mergeSort

			Call graph


granularity: each sample hit covers 2 byte(s) no time propagated

index % time    self  children    called     name
                0.00    0.00     311/311         mergeSort [4]
[1]      0.0    0.00    0.00     311         merge [1]
                0.00    0.00     311/311         mergeAB [2]
-----------------------------------------------
                0.00    0.00     311/311         merge [1]
[2]      0.0    0.00    0.00     311         mergeAB [2]
-----------------------------------------------
                                  60             binarySearch [3]
                0.00    0.00      25/25          main [10]
[3]      0.0    0.00    0.00      25+60      binarySearch [3]
                                  60             binarySearch [3]
-----------------------------------------------
                                 622             mergeSort [4]
                0.00    0.00       1/1           main [10]
[4]      0.0    0.00    0.00       1+622     mergeSort [4]
                0.00    0.00     311/311         merge [1]
                                 622             mergeSort [4]
-----------------------------------------------

Index by function name

   [3] binarySearch            [2] mergeAB
   [1] merge                   [4] mergeSort
